TN:
SF:src/app.ts
FN:28,(anonymous_1)
FN:33,(anonymous_2)
FN:41,(anonymous_3)
FNF:3
FNH:0
FNDA:0,(anonymous_1)
FNDA:0,(anonymous_2)
FNDA:0,(anonymous_3)
DA:1,1
DA:2,1
DA:3,1
DA:4,1
DA:5,1
DA:6,1
DA:7,1
DA:8,1
DA:10,1
DA:11,1
DA:14,1
DA:15,1
DA:18,1
DA:19,1
DA:20,1
DA:21,1
DA:22,1
DA:24,1
DA:25,1
DA:28,1
DA:29,0
DA:33,1
DA:35,0
DA:36,0
DA:39,0
DA:40,0
DA:41,0
DA:42,0
DA:46,1
LF:29
LH:22
BRDA:36,0,0,0
BRDA:36,0,1,0
BRDA:39,1,0,0
BRDA:39,1,1,0
BRF:4
BRH:0
end_of_record
TN:
SF:src/controller/bookRoutes.ts
FN:18,(anonymous_8)
FN:18,(anonymous_9)
FN:66,(anonymous_10)
FN:99,(anonymous_11)
FN:125,(anonymous_12)
FN:125,(anonymous_13)
FN:143,(anonymous_14)
FN:163,(anonymous_15)
FN:191,(anonymous_16)
FN:191,(anonymous_17)
FN:215,(anonymous_18)
FN:215,(anonymous_19)
FN:224,(anonymous_20)
FN:261,(anonymous_21)
FN:261,(anonymous_22)
FN:284,(anonymous_23)
FN:299,(anonymous_24)
FNF:17
FNH:15
FNDA:2,(anonymous_8)
FNDA:2,(anonymous_9)
FNDA:4,(anonymous_10)
FNDA:0,(anonymous_11)
FNDA:2,(anonymous_12)
FNDA:2,(anonymous_13)
FNDA:4,(anonymous_14)
FNDA:1,(anonymous_15)
FNDA:1,(anonymous_16)
FNDA:1,(anonymous_17)
FNDA:2,(anonymous_18)
FNDA:2,(anonymous_19)
FNDA:4,(anonymous_20)
FNDA:2,(anonymous_21)
FNDA:2,(anonymous_22)
FNDA:4,(anonymous_23)
FNDA:0,(anonymous_24)
DA:4,1
DA:5,1
DA:6,1
DA:7,1
DA:10,1
DA:11,1
DA:18,2
DA:19,2
DA:23,2
DA:24,0
DA:26,2
DA:27,0
DA:32,2
DA:33,2
DA:34,2
DA:36,2
DA:37,0
DA:42,2
DA:45,0
DA:52,2
DA:55,2
DA:57,2
DA:58,0
DA:66,4
DA:71,2
DA:72,2
DA:81,0
DA:95,0
DA:99,0
DA:100,0
DA:101,0
DA:106,0
DA:113,0
DA:125,2
DA:127,2
DA:128,2
DA:130,2
DA:132,2
DA:134,2
DA:135,0
DA:143,4
DA:145,2
DA:147,1
DA:153,1
DA:154,1
DA:155,1
DA:156,1
DA:157,1
DA:158,1
DA:159,1
DA:160,1
DA:163,1
DA:164,1
DA:165,0
DA:169,1
DA:179,0
DA:191,1
DA:192,1
DA:194,1
DA:196,1
DA:202,0
DA:215,2
DA:217,2
DA:219,2
DA:224,2
DA:225,4
DA:230,2
DA:231,0
DA:236,2
DA:237,2
DA:242,0
DA:250,0
DA:261,2
DA:262,2
DA:263,2
DA:266,2
DA:267,2
DA:269,2
DA:270,0
DA:274,2
DA:277,0
DA:280,2
DA:284,4
DA:286,2
DA:287,2
DA:292,0
DA:296,0
DA:299,0
DA:300,0
DA:301,0
DA:305,0
DA:314,0
LF:92
LH:64
BRDA:23,0,0,0
BRDA:26,1,0,0
BRDA:36,2,0,0
BRDA:36,2,1,2
BRDA:57,3,0,0
BRDA:71,4,0,2
BRDA:100,5,0,0
BRDA:100,5,1,0
BRDA:134,6,0,0
BRDA:145,7,0,1
BRDA:164,8,0,0
BRDA:164,8,1,1
BRDA:230,9,0,0
BRDA:236,10,0,2
BRDA:269,11,0,0
BRDA:269,11,1,2
BRDA:286,12,0,2
BRDA:300,13,0,0
BRDA:300,13,1,0
BRF:19
BRH:7
end_of_record
TN:
SF:src/controller/userRoutes.ts
FN:20,(anonymous_8)
FN:20,(anonymous_9)
FN:65,(anonymous_10)
FN:66,(anonymous_11)
FN:99,(anonymous_12)
FN:120,(anonymous_13)
FN:120,(anonymous_14)
FN:143,(anonymous_15)
FNF:8
FNH:3
FNDA:0,(anonymous_8)
FNDA:0,(anonymous_9)
FNDA:0,(anonymous_10)
FNDA:0,(anonymous_11)
FNDA:0,(anonymous_12)
FNDA:4,(anonymous_13)
FNDA:4,(anonymous_14)
FNDA:16,(anonymous_15)
DA:4,1
DA:5,1
DA:6,1
DA:7,1
DA:8,1
DA:9,1
DA:15,1
DA:16,1
DA:20,1
DA:21,0
DA:25,0
DA:26,0
DA:28,0
DA:29,0
DA:33,0
DA:35,0
DA:36,0
DA:37,0
DA:38,0
DA:42,0
DA:45,0
DA:48,0
DA:53,0
DA:55,0
DA:56,0
DA:65,0
DA:66,0
DA:68,0
DA:69,0
DA:73,0
DA:74,0
DA:80,0
DA:81,0
DA:82,0
DA:85,0
DA:97,0
DA:99,0
DA:100,0
DA:101,0
DA:103,0
DA:114,0
DA:120,4
DA:121,4
DA:122,4
DA:123,4
DA:124,4
DA:125,0
DA:129,4
DA:132,4
DA:134,4
DA:136,4
DA:137,0
DA:143,16
DA:145,4
DA:146,0
DA:153,4
DA:154,4
DA:155,4
DA:156,4
DA:157,4
DA:164,0
DA:170,0
LF:62
LH:25
BRDA:25,0,0,0
BRDA:28,1,0,0
BRDA:37,2,0,0
BRDA:37,2,1,0
BRDA:55,3,0,0
BRDA:68,4,0,0
BRDA:73,5,0,0
BRDA:100,6,0,0
BRDA:100,6,1,0
BRDA:124,7,0,0
BRDA:124,7,1,4
BRDA:136,8,0,0
BRDA:145,9,0,0
BRDA:153,10,0,4
BRDA:155,11,0,4
BRDA:155,11,1,0
BRF:16
BRH:3
end_of_record
TN:
SF:src/routes/index.ts
FNF:0
FNH:0
DA:1,1
DA:2,1
DA:3,1
DA:5,1
DA:9,1
DA:10,1
DA:11,1
DA:12,1
DA:13,1
DA:20,1
LF:10
LH:10
BRF:0
BRH:0
end_of_record
TN:
SF:src/routes/users.ts
FNF:0
FNH:0
DA:1,1
DA:2,1
DA:5,1
DA:7,1
DA:8,1
DA:10,1
LF:6
LH:6
BRF:0
BRH:0
end_of_record
TN:
SF:src/utilities/auth.ts
FN:5,(anonymous_1)
FNF:1
FNH:1
FNDA:8,(anonymous_1)
DA:2,1
DA:5,1
DA:6,8
DA:7,8
DA:8,8
DA:9,0
DA:15,8
DA:17,8
DA:18,0
DA:24,8
DA:26,8
DA:27,0
DA:29,8
DA:32,0
LF:14
LH:10
BRDA:8,0,0,0
BRDA:17,1,0,0
BRDA:17,2,0,8
BRDA:17,2,1,8
BRDA:26,3,0,0
BRF:5
BRH:2
end_of_record
TN:
SF:src/validation/validation.ts
FNF:0
FNH:0
DA:1,1
DA:3,1
DA:22,1
DA:31,1
LF:4
LH:4
BRF:0
BRH:0
end_of_record
